<?xml version="1.0" encoding="UTF-8"?>
<!-- Generated by org.testng.reporters.JUnitReportReporter -->
<testsuite skipped="0" hostname="RAJESH-PC" name="com.vtiger.tests.LoginPageValidation" tests="4" failures="0" timestamp="29 Jul 2018 12:56:20 GMT" time="4.053" errors="0">
  <testcase name="verifyTitle" time="0.072" classname="com.vtiger.tests.LoginPageValidation"/>
  <testcase name="verifyinvalidLogin" time="1.186" classname="com.vtiger.tests.LoginPageValidation"/>
  <testcase name="verifylogo" time="0.067" classname="com.vtiger.tests.LoginPageValidation"/>
  <testcase name="verifyvalidLogin" time="2.728" classname="com.vtiger.tests.LoginPageValidation"/>
</testsuite> <!-- com.vtiger.tests.LoginPageValidation -->
